[ 2015-11-05T14:15:43+08:00 ] 0.0.0.0 /fdzj/fd/api.php?m=Index
INFO: [ app_begin ] --START--
INFO: Run ReadHtmlCache Behavior [ RunTime:0.003001s ]
INFO: [ app_begin ] --END-- [ RunTime:0.004001s ]
INFO: [ view_parse ] --START--
INFO: Run ParseTemplate Behavior [ RunTime:0.019001s ]
INFO: [ view_parse ] --END-- [ RunTime:0.019001s ]
INFO: [ view_filter ] --START--
INFO: Run ContentReplace Behavior [ RunTime:0.002000s ]
INFO: Run TokenBuild Behavior [ RunTime:0.002000s ]
INFO: Run WriteHtmlCache Behavior [ RunTime:0.001000s ]
INFO: Run ShowRuntime Behavior [ RunTime:0.003001s ]
INFO: [ view_filter ] --END-- [ RunTime:0.011001s ]
INFO: [ view_end ] --START--
INFO: Run ShowPageTrace Behavior [ RunTime:0.001000s ]
INFO: [ view_end ] --END-- [ RunTime:0.003000s ]

[ 2015-11-05T14:16:52+08:00 ] ERR: (ThinkException) 无法加载模块:receivePatientData
[ 2015-11-05T14:17:06+08:00 ] ERR: (ThinkException) 非法操作:receivePatientData
[ 2015-11-05T14:17:56+08:00 ] 0.0.0.0 /fdzj/fd/api.php?m=Index&a=receivePatientData
INFO: [ app_begin ] --START--
INFO: Run ReadHtmlCache Behavior [ RunTime:0.002001s ]
INFO: [ app_begin ] --END-- [ RunTime:0.003001s ]

[ 2015-11-05T15:23:35+08:00 ] ERR: (ThinkException) Access denied for user 'root'@'localhost' (using password: NO)
[ 2015-11-05T15:24:05+08:00 ] ERR: (ThinkException) Access denied for user 'root'@'localhost' (using password: NO)
